<?xml version="1.0" encoding="UTF-8"?>
<coverage generated="1699736941684" clover="3.2.0">
  <project timestamp="1699736941684" name="All files">
    <metrics statements="92" coveredstatements="92" conditionals="34" coveredconditionals="34" methods="5" coveredmethods="5" elements="131" coveredelements="131" complexity="0" loc="92" ncloc="92" packages="1" files="3" classes="3"/>
    <file name="Calculator.jsx" path="D:\GABO\Proyectos\FRONT-END\react\test_driven_development\src\Calculator.jsx">
      <metrics statements="50" coveredstatements="50" conditionals="7" coveredconditionals="7" methods="3" coveredmethods="3"/>
      <line num="1" count="1" type="stmt"/>
      <line num="2" count="1" type="stmt"/>
      <line num="3" count="1" type="stmt"/>
      <line num="4" count="1" type="stmt"/>
      <line num="5" count="1" type="stmt"/>
      <line num="6" count="1" type="stmt"/>
      <line num="7" count="1" type="stmt"/>
      <line num="8" count="1" type="stmt"/>
      <line num="9" count="1" type="stmt"/>
      <line num="10" count="1" type="stmt"/>
      <line num="11" count="1" type="stmt"/>
      <line num="12" count="1" type="stmt"/>
      <line num="13" count="1" type="stmt"/>
      <line num="14" count="1" type="stmt"/>
      <line num="15" count="1" type="stmt"/>
      <line num="16" count="1" type="cond" truecount="1" falsecount="0"/>
      <line num="17" count="22" type="stmt"/>
      <line num="18" count="22" type="stmt"/>
      <line num="19" count="22" type="cond" truecount="2" falsecount="0"/>
      <line num="20" count="22" type="stmt"/>
      <line num="21" count="22" type="stmt"/>
      <line num="22" count="22" type="stmt"/>
      <line num="23" count="22" type="stmt"/>
      <line num="24" count="22" type="stmt"/>
      <line num="25" count="22" type="stmt"/>
      <line num="26" count="22" type="stmt"/>
      <line num="27" count="22" type="stmt"/>
      <line num="28" count="22" type="cond" truecount="1" falsecount="0"/>
      <line num="29" count="88" type="stmt"/>
      <line num="30" count="88" type="cond" truecount="1" falsecount="0"/>
      <line num="31" count="220" type="stmt"/>
      <line num="32" count="220" type="stmt"/>
      <line num="33" count="220" type="stmt"/>
      <line num="34" count="88" type="stmt"/>
      <line num="35" count="88" type="stmt"/>
      <line num="36" count="22" type="stmt"/>
      <line num="37" count="22" type="stmt"/>
      <line num="38" count="22" type="cond" truecount="1" falsecount="0"/>
      <line num="39" count="88" type="stmt"/>
      <line num="40" count="88" type="stmt"/>
      <line num="41" count="88" type="stmt"/>
      <line num="42" count="22" type="stmt"/>
      <line num="43" count="22" type="stmt"/>
      <line num="44" count="22" type="stmt"/>
      <line num="45" count="22" type="cond" truecount="1" falsecount="0"/>
      <line num="46" count="22" type="stmt"/>
      <line num="47" count="22" type="stmt"/>
      <line num="48" count="22" type="stmt"/>
      <line num="49" count="22" type="stmt"/>
      <line num="50" count="22" type="stmt"/>
    </file>
    <file name="canReconfigure.js" path="D:\GABO\Proyectos\FRONT-END\react\test_driven_development\src\canReconfigure.js">
      <metrics statements="24" coveredstatements="24" conditionals="16" coveredconditionals="16" methods="1" coveredmethods="1"/>
      <line num="1" count="1" type="cond" truecount="1" falsecount="0"/>
      <line num="2" count="8" type="stmt"/>
      <line num="3" count="8" type="cond" truecount="1" falsecount="0"/>
      <line num="4" count="8" type="cond" truecount="2" falsecount="0"/>
      <line num="5" count="8" type="cond" truecount="2" falsecount="0"/>
      <line num="6" count="5" type="cond" truecount="1" falsecount="0"/>
      <line num="7" count="8" type="cond" truecount="1" falsecount="0"/>
      <line num="8" count="3" type="cond" truecount="1" falsecount="0"/>
      <line num="9" count="3" type="stmt"/>
      <line num="10" count="8" type="cond" truecount="1" falsecount="0"/>
      <line num="11" count="2" type="cond" truecount="1" falsecount="0"/>
      <line num="12" count="2" type="stmt"/>
      <line num="13" count="8" type="cond" truecount="1" falsecount="0"/>
      <line num="14" count="5" type="stmt"/>
      <line num="15" count="5" type="stmt"/>
      <line num="16" count="5" type="stmt"/>
      <line num="17" count="5" type="stmt"/>
      <line num="18" count="5" type="cond" truecount="2" falsecount="0"/>
      <line num="19" count="4" type="cond" truecount="1" falsecount="0"/>
      <line num="20" count="4" type="stmt"/>
      <line num="21" count="4" type="stmt"/>
      <line num="22" count="1" type="cond" truecount="1" falsecount="0"/>
      <line num="23" count="1" type="stmt"/>
      <line num="24" count="1" type="stmt"/>
    </file>
    <file name="fizzBuzz.js" path="D:\GABO\Proyectos\FRONT-END\react\test_driven_development\src\fizzBuzz.js">
      <metrics statements="18" coveredstatements="18" conditionals="11" coveredconditionals="11" methods="1" coveredmethods="1"/>
      <line num="1" count="1" type="cond" truecount="3" falsecount="0"/>
      <line num="2" count="12" type="cond" truecount="1" falsecount="0"/>
      <line num="3" count="12" type="cond" truecount="2" falsecount="0"/>
      <line num="4" count="9" type="cond" truecount="1" falsecount="0"/>
      <line num="5" count="9" type="stmt"/>
      <line num="6" count="9" type="stmt"/>
      <line num="7" count="9" type="stmt"/>
      <line num="8" count="9" type="stmt"/>
      <line num="9" count="9" type="stmt"/>
      <line num="10" count="9" type="cond" truecount="1" falsecount="0"/>
      <line num="11" count="18" type="stmt"/>
      <line num="12" count="18" type="cond" truecount="1" falsecount="0"/>
      <line num="13" count="18" type="stmt"/>
      <line num="14" count="9" type="stmt"/>
      <line num="15" count="9" type="stmt"/>
      <line num="16" count="12" type="cond" truecount="2" falsecount="0"/>
      <line num="17" count="12" type="stmt"/>
      <line num="18" count="12" type="stmt"/>
    </file>
  </project>
</coverage>
