{"D:\\GABO\\Proyectos\\FRONT-END\\react\\test_driven_development\\src\\Calculator.jsx": {"path":"D:\\GABO\\Proyectos\\FRONT-END\\react\\test_driven_development\\src\\Calculator.jsx","all":false,"statementMap":{"0":{"start":{"line":1,"column":0},"end":{"line":1,"column":33}},"1":{"start":{"line":2,"column":0},"end":{"line":2,"column":39}},"2":{"start":{"line":3,"column":0},"end":{"line":3,"column":0}},"3":{"start":{"line":4,"column":0},"end":{"line":4,"column":54}},"4":{"start":{"line":5,"column":0},"end":{"line":5,"column":0}},"5":{"start":{"line":6,"column":0},"end":{"line":6,"column":13}},"6":{"start":{"line":7,"column":0},"end":{"line":7,"column":23}},"7":{"start":{"line":8,"column":0},"end":{"line":8,"column":23}},"8":{"start":{"line":9,"column":0},"end":{"line":9,"column":23}},"9":{"start":{"line":10,"column":0},"end":{"line":10,"column":16}},"10":{"start":{"line":11,"column":0},"end":{"line":11,"column":1}},"11":{"start":{"line":12,"column":0},"end":{"line":12,"column":0}},"12":{"start":{"line":13,"column":0},"end":{"line":13,"column":46}},"13":{"start":{"line":14,"column":0},"end":{"line":14,"column":28}},"14":{"start":{"line":15,"column":0},"end":{"line":15,"column":0}},"15":{"start":{"line":16,"column":0},"end":{"line":16,"column":33}},"16":{"start":{"line":17,"column":0},"end":{"line":17,"column":42}},"17":{"start":{"line":18,"column":0},"end":{"line":18,"column":0}},"18":{"start":{"line":19,"column":0},"end":{"line":19,"column":69}},"19":{"start":{"line":20,"column":0},"end":{"line":20,"column":0}},"20":{"start":{"line":21,"column":0},"end":{"line":21,"column":11}},"21":{"start":{"line":22,"column":0},"end":{"line":22,"column":17}},"22":{"start":{"line":23,"column":0},"end":{"line":23,"column":28}},"23":{"start":{"line":24,"column":0},"end":{"line":24,"column":0}},"24":{"start":{"line":25,"column":0},"end":{"line":25,"column":41}},"25":{"start":{"line":26,"column":0},"end":{"line":26,"column":0}},"26":{"start":{"line":27,"column":0},"end":{"line":27,"column":26}},"27":{"start":{"line":28,"column":0},"end":{"line":28,"column":34}},"28":{"start":{"line":29,"column":0},"end":{"line":29,"column":38}},"29":{"start":{"line":30,"column":0},"end":{"line":30,"column":75}},"30":{"start":{"line":31,"column":0},"end":{"line":31,"column":25}},"31":{"start":{"line":32,"column":0},"end":{"line":32,"column":24}},"32":{"start":{"line":33,"column":0},"end":{"line":33,"column":21}},"33":{"start":{"line":34,"column":0},"end":{"line":34,"column":14}},"34":{"start":{"line":35,"column":0},"end":{"line":35,"column":18}},"35":{"start":{"line":36,"column":0},"end":{"line":36,"column":12}},"36":{"start":{"line":37,"column":0},"end":{"line":37,"column":10}},"37":{"start":{"line":38,"column":0},"end":{"line":38,"column":41}},"38":{"start":{"line":39,"column":0},"end":{"line":39,"column":75}},"39":{"start":{"line":40,"column":0},"end":{"line":40,"column":24}},"40":{"start":{"line":41,"column":0},"end":{"line":41,"column":21}},"41":{"start":{"line":42,"column":0},"end":{"line":42,"column":10}},"42":{"start":{"line":43,"column":0},"end":{"line":43,"column":10}},"43":{"start":{"line":44,"column":0},"end":{"line":44,"column":0}},"44":{"start":{"line":45,"column":0},"end":{"line":45,"column":79}},"45":{"start":{"line":46,"column":0},"end":{"line":46,"column":0}},"46":{"start":{"line":47,"column":0},"end":{"line":47,"column":14}},"47":{"start":{"line":48,"column":0},"end":{"line":48,"column":9}},"48":{"start":{"line":49,"column":0},"end":{"line":49,"column":19}},"49":{"start":{"line":50,"column":0},"end":{"line":50,"column":11}}},"s":{"0":1,"1":1,"2":1,"3":1,"4":1,"5":1,"6":1,"7":1,"8":1,"9":1,"10":1,"11":1,"12":1,"13":1,"14":1,"15":1,"16":22,"17":22,"18":22,"19":22,"20":22,"21":22,"22":22,"23":22,"24":22,"25":22,"26":22,"27":22,"28":88,"29":88,"30":220,"31":220,"32":220,"33":88,"34":88,"35":22,"36":22,"37":22,"38":88,"39":88,"40":88,"41":22,"42":22,"43":22,"44":22,"45":22,"46":22,"47":22,"48":22,"49":22},"branchMap":{"0":{"type":"branch","line":16,"loc":{"start":{"line":16,"column":26},"end":{"line":50,"column":11}},"locations":[{"start":{"line":16,"column":26},"end":{"line":50,"column":11}}]},"1":{"type":"branch","line":19,"loc":{"start":{"line":19,"column":30},"end":{"line":19,"column":69}},"locations":[{"start":{"line":19,"column":30},"end":{"line":19,"column":69}}]},"2":{"type":"branch","line":19,"loc":{"start":{"line":19,"column":36},"end":{"line":19,"column":69}},"locations":[{"start":{"line":19,"column":36},"end":{"line":19,"column":69}}]},"3":{"type":"branch","line":28,"loc":{"start":{"line":28,"column":19},"end":{"line":35,"column":18}},"locations":[{"start":{"line":28,"column":19},"end":{"line":35,"column":18}}]},"4":{"type":"branch","line":30,"loc":{"start":{"line":30,"column":21},"end":{"line":33,"column":21}},"locations":[{"start":{"line":30,"column":21},"end":{"line":33,"column":21}}]},"5":{"type":"branch","line":38,"loc":{"start":{"line":38,"column":27},"end":{"line":41,"column":21}},"locations":[{"start":{"line":38,"column":27},"end":{"line":41,"column":21}}]},"6":{"type":"branch","line":45,"loc":{"start":{"line":45,"column":26},"end":{"line":45,"column":60}},"locations":[{"start":{"line":45,"column":26},"end":{"line":45,"column":60}}]}},"b":{"0":[22],"1":[308],"2":[10],"3":[88],"4":[220],"5":[88],"6":[1]},"fnMap":{"0":{"name":"Calculator","decl":{"start":{"line":16,"column":26},"end":{"line":50,"column":11}},"loc":{"start":{"line":16,"column":26},"end":{"line":50,"column":11}},"line":16},"1":{"name":"createHandleClick","decl":{"start":{"line":19,"column":30},"end":{"line":19,"column":69}},"loc":{"start":{"line":19,"column":30},"end":{"line":19,"column":69}},"line":19},"2":{"name":"onClick","decl":{"start":{"line":45,"column":26},"end":{"line":45,"column":60}},"loc":{"start":{"line":45,"column":26},"end":{"line":45,"column":60}},"line":45}},"f":{"0":22,"1":308,"2":1}}
,"D:\\GABO\\Proyectos\\FRONT-END\\react\\test_driven_development\\src\\canReconfigure.js": {"path":"D:\\GABO\\Proyectos\\FRONT-END\\react\\test_driven_development\\src\\canReconfigure.js","all":false,"statementMap":{"0":{"start":{"line":1,"column":0},"end":{"line":1,"column":45}},"1":{"start":{"line":2,"column":0},"end":{"line":2,"column":0}},"2":{"start":{"line":3,"column":0},"end":{"line":3,"column":61}},"3":{"start":{"line":4,"column":0},"end":{"line":4,"column":71}},"4":{"start":{"line":5,"column":0},"end":{"line":5,"column":67}},"5":{"start":{"line":6,"column":0},"end":{"line":6,"column":0}},"6":{"start":{"line":7,"column":0},"end":{"line":7,"column":45}},"7":{"start":{"line":8,"column":0},"end":{"line":8,"column":0}},"8":{"start":{"line":9,"column":0},"end":{"line":9,"column":72}},"9":{"start":{"line":10,"column":0},"end":{"line":10,"column":42}},"10":{"start":{"line":11,"column":0},"end":{"line":11,"column":0}},"11":{"start":{"line":12,"column":0},"end":{"line":12,"column":30}},"12":{"start":{"line":13,"column":0},"end":{"line":13,"column":42}},"13":{"start":{"line":14,"column":0},"end":{"line":14,"column":34}},"14":{"start":{"line":15,"column":0},"end":{"line":15,"column":30}},"15":{"start":{"line":16,"column":0},"end":{"line":16,"column":0}},"16":{"start":{"line":17,"column":0},"end":{"line":17,"column":56}},"17":{"start":{"line":18,"column":0},"end":{"line":18,"column":65}},"18":{"start":{"line":19,"column":0},"end":{"line":19,"column":0}},"19":{"start":{"line":20,"column":0},"end":{"line":20,"column":46}},"20":{"start":{"line":21,"column":0},"end":{"line":21,"column":5}},"21":{"start":{"line":22,"column":0},"end":{"line":22,"column":0}},"22":{"start":{"line":23,"column":0},"end":{"line":23,"column":15}},"23":{"start":{"line":24,"column":0},"end":{"line":24,"column":1}}},"s":{"0":1,"1":8,"2":8,"3":8,"4":8,"5":5,"6":8,"7":3,"8":3,"9":8,"10":2,"11":2,"12":8,"13":5,"14":5,"15":5,"16":5,"17":5,"18":4,"19":4,"20":4,"21":1,"22":1,"23":1},"branchMap":{"0":{"type":"branch","line":1,"loc":{"start":{"line":1,"column":30},"end":{"line":24,"column":1}},"locations":[{"start":{"line":1,"column":30},"end":{"line":24,"column":1}}]},"1":{"type":"branch","line":3,"loc":{"start":{"line":3,"column":27},"end":{"line":3,"column":61}},"locations":[{"start":{"line":3,"column":27},"end":{"line":3,"column":61}}]},"2":{"type":"branch","line":4,"loc":{"start":{"line":4,"column":-2},"end":{"line":4,"column":32}},"locations":[{"start":{"line":4,"column":-2},"end":{"line":4,"column":32}}]},"3":{"type":"branch","line":4,"loc":{"start":{"line":4,"column":32},"end":{"line":4,"column":71}},"locations":[{"start":{"line":4,"column":32},"end":{"line":4,"column":71}}]},"4":{"type":"branch","line":5,"loc":{"start":{"line":5,"column":-2},"end":{"line":5,"column":30}},"locations":[{"start":{"line":5,"column":-2},"end":{"line":5,"column":30}}]},"5":{"type":"branch","line":5,"loc":{"start":{"line":5,"column":30},"end":{"line":5,"column":67}},"locations":[{"start":{"line":5,"column":30},"end":{"line":5,"column":67}}]},"6":{"type":"branch","line":6,"loc":{"start":{"line":6,"column":-2},"end":{"line":7,"column":33}},"locations":[{"start":{"line":6,"column":-2},"end":{"line":7,"column":33}}]},"7":{"type":"branch","line":7,"loc":{"start":{"line":7,"column":33},"end":{"line":7,"column":45}},"locations":[{"start":{"line":7,"column":33},"end":{"line":7,"column":45}}]},"8":{"type":"branch","line":8,"loc":{"start":{"line":8,"column":-2},"end":{"line":10,"column":30}},"locations":[{"start":{"line":8,"column":-2},"end":{"line":10,"column":30}}]},"9":{"type":"branch","line":10,"loc":{"start":{"line":10,"column":30},"end":{"line":10,"column":42}},"locations":[{"start":{"line":10,"column":30},"end":{"line":10,"column":42}}]},"10":{"type":"branch","line":11,"loc":{"start":{"line":11,"column":-2},"end":{"line":13,"column":41}},"locations":[{"start":{"line":11,"column":-2},"end":{"line":13,"column":41}}]},"11":{"type":"branch","line":13,"loc":{"start":{"line":13,"column":41},"end":{"line":21,"column":5}},"locations":[{"start":{"line":13,"column":41},"end":{"line":21,"column":5}}]},"12":{"type":"branch","line":18,"loc":{"start":{"line":18,"column":24},"end":{"line":18,"column":51}},"locations":[{"start":{"line":18,"column":24},"end":{"line":18,"column":51}}]},"13":{"type":"branch","line":18,"loc":{"start":{"line":18,"column":53},"end":{"line":18,"column":65}},"locations":[{"start":{"line":18,"column":53},"end":{"line":18,"column":65}}]},"14":{"type":"branch","line":19,"loc":{"start":{"line":19,"column":-2},"end":{"line":21,"column":5}},"locations":[{"start":{"line":19,"column":-2},"end":{"line":21,"column":5}}]},"15":{"type":"branch","line":22,"loc":{"start":{"line":22,"column":-2},"end":{"line":24,"column":1}},"locations":[{"start":{"line":22,"column":-2},"end":{"line":24,"column":1}}]}},"b":{"0":[8],"1":[1],"2":[7],"3":[1],"4":[6],"5":[1],"6":[5],"7":[2],"8":[3],"9":[1],"10":[2],"11":[5],"12":[1],"13":[1],"14":[4],"15":[1]},"fnMap":{"0":{"name":"canReconfigure","decl":{"start":{"line":1,"column":30},"end":{"line":24,"column":1}},"loc":{"start":{"line":1,"column":30},"end":{"line":24,"column":1}},"line":1}},"f":{"0":8}}
,"D:\\GABO\\Proyectos\\FRONT-END\\react\\test_driven_development\\src\\fizzBuzz.js": {"path":"D:\\GABO\\Proyectos\\FRONT-END\\react\\test_driven_development\\src\\fizzBuzz.js","all":false,"statementMap":{"0":{"start":{"line":1,"column":0},"end":{"line":1,"column":38}},"1":{"start":{"line":2,"column":0},"end":{"line":2,"column":88}},"2":{"start":{"line":3,"column":0},"end":{"line":3,"column":83}},"3":{"start":{"line":4,"column":0},"end":{"line":4,"column":0}},"4":{"start":{"line":5,"column":0},"end":{"line":5,"column":48}},"5":{"start":{"line":6,"column":0},"end":{"line":6,"column":23}},"6":{"start":{"line":7,"column":0},"end":{"line":7,"column":0}},"7":{"start":{"line":8,"column":0},"end":{"line":8,"column":14}},"8":{"start":{"line":9,"column":0},"end":{"line":9,"column":27}},"9":{"start":{"line":10,"column":0},"end":{"line":10,"column":42}},"10":{"start":{"line":11,"column":0},"end":{"line":11,"column":0}},"11":{"start":{"line":12,"column":0},"end":{"line":12,"column":55}},"12":{"start":{"line":13,"column":0},"end":{"line":13,"column":0}},"13":{"start":{"line":14,"column":0},"end":{"line":14,"column":10}},"14":{"start":{"line":15,"column":0},"end":{"line":15,"column":0}},"15":{"start":{"line":16,"column":0},"end":{"line":16,"column":45}},"16":{"start":{"line":17,"column":0},"end":{"line":17,"column":0}},"17":{"start":{"line":18,"column":0},"end":{"line":18,"column":9}}},"s":{"0":1,"1":12,"2":12,"3":9,"4":9,"5":9,"6":9,"7":9,"8":9,"9":9,"10":18,"11":18,"12":18,"13":9,"14":9,"15":12,"16":12,"17":12},"branchMap":{"0":{"type":"branch","line":1,"loc":{"start":{"line":1,"column":0},"end":{"line":18,"column":9}},"locations":[{"start":{"line":1,"column":0},"end":{"line":18,"column":9}}]},"1":{"type":"branch","line":1,"loc":{"start":{"line":1,"column":0},"end":{"line":18,"column":9}},"locations":[{"start":{"line":1,"column":0},"end":{"line":18,"column":9}}]},"2":{"type":"branch","line":1,"loc":{"start":{"line":1,"column":25},"end":{"line":18,"column":9}},"locations":[{"start":{"line":1,"column":25},"end":{"line":18,"column":9}}]},"3":{"type":"branch","line":2,"loc":{"start":{"line":2,"column":34},"end":{"line":2,"column":88}},"locations":[{"start":{"line":2,"column":34},"end":{"line":2,"column":88}}]},"4":{"type":"branch","line":3,"loc":{"start":{"line":3,"column":-2},"end":{"line":3,"column":29}},"locations":[{"start":{"line":3,"column":-2},"end":{"line":3,"column":29}}]},"5":{"type":"branch","line":3,"loc":{"start":{"line":3,"column":29},"end":{"line":3,"column":83}},"locations":[{"start":{"line":3,"column":29},"end":{"line":3,"column":83}}]},"6":{"type":"branch","line":4,"loc":{"start":{"line":4,"column":-2},"end":{"line":16,"column":28}},"locations":[{"start":{"line":4,"column":-2},"end":{"line":16,"column":28}}]},"7":{"type":"branch","line":16,"loc":{"start":{"line":16,"column":28},"end":{"line":16,"column":36}},"locations":[{"start":{"line":16,"column":28},"end":{"line":16,"column":36}}]},"8":{"type":"branch","line":16,"loc":{"start":{"line":16,"column":37},"end":{"line":16,"column":45}},"locations":[{"start":{"line":16,"column":37},"end":{"line":16,"column":45}}]},"9":{"type":"branch","line":10,"loc":{"start":{"line":10,"column":17},"end":{"line":14,"column":9}},"locations":[{"start":{"line":10,"column":17},"end":{"line":14,"column":9}}]},"10":{"type":"branch","line":12,"loc":{"start":{"line":12,"column":41},"end":{"line":12,"column":55}},"locations":[{"start":{"line":12,"column":41},"end":{"line":12,"column":55}}]}},"b":{"0":[1],"1":[1],"2":[12],"3":[2],"4":[10],"5":[1],"6":[9],"7":[3],"8":[6],"9":[18],"10":[7]},"fnMap":{"0":{"name":"fizzBuzz","decl":{"start":{"line":1,"column":25},"end":{"line":18,"column":9}},"loc":{"start":{"line":1,"column":25},"end":{"line":18,"column":9}},"line":1}},"f":{"0":12}}
}
